This is XeTeX, Version 3.14159265-2.6-0.99998 (MiKTeX 2.9.6500 64-bit) (preloaded format=xelatex 2017.11.18)  4 SEP 2018 07:51
entering extended mode
**./Presentation.tex
(Presentation.tex
LaTeX2e <2017-04-15>
Babel <3.15> and hyphenation patterns for 75 language(s) loaded.
("C:\Program Files\MiKTeX 2.9\tex\latex\beamer\beamer.cls"
Document Class: beamer 2018/02/20 v3.50 A class for typesetting presentations
("C:\Program Files\MiKTeX 2.9\tex\latex\beamer\beamerbasemodes.sty"
("C:\Program Files\MiKTeX 2.9\tex\latex\etoolbox\etoolbox.sty"
Package: etoolbox 2017/01/02 v2.4 e-TeX tools for LaTeX (JAW)
\etb@tempcnta=\count79
)
\beamer@tempbox=\box26
\beamer@tempcount=\count80
\c@beamerpauses=\count81

("C:\Program Files\MiKTeX 2.9\tex\latex\beamer\beamerbasedecode.sty"
\beamer@slideinframe=\count82
\beamer@minimum=\count83
)
\beamer@commentbox=\box27
\beamer@modecount=\count84
)
("C:\Program Files\MiKTeX 2.9\tex\generic\oberdiek\ifpdf.sty"
Package: ifpdf 2017/03/15 v3.2 Provides the ifpdf switch
)
\headdp=\dimen102
\footheight=\dimen103
\sidebarheight=\dimen104
\beamer@tempdim=\dimen105
\beamer@finalheight=\dimen106
\beamer@animht=\dimen107
\beamer@animdp=\dimen108
\beamer@animwd=\dimen109
\beamer@leftmargin=\dimen110
\beamer@rightmargin=\dimen111
\beamer@leftsidebar=\dimen112
\beamer@rightsidebar=\dimen113
\beamer@boxsize=\dimen114
\beamer@vboxoffset=\dimen115
\beamer@descdefault=\dimen116
\beamer@descriptionwidth=\dimen117
\beamer@lastskip=\skip41
\beamer@areabox=\box28
\beamer@animcurrent=\box29
\beamer@animshowbox=\box30
\beamer@sectionbox=\box31
\beamer@logobox=\box32
\beamer@linebox=\box33
\beamer@sectioncount=\count85
\beamer@subsubsectionmax=\count86
\beamer@subsectionmax=\count87
\beamer@sectionmax=\count88
\beamer@totalheads=\count89
\beamer@headcounter=\count90
\beamer@partstartpage=\count91
\beamer@sectionstartpage=\count92
\beamer@subsectionstartpage=\count93
\beamer@animationtempa=\count94
\beamer@animationtempb=\count95
\beamer@xpos=\count96
\beamer@ypos=\count97
\beamer@ypos@offset=\count98
\beamer@showpartnumber=\count99
\beamer@currentsubsection=\count100
\beamer@coveringdepth=\count101
\beamer@sectionadjust=\count102
\beamer@tocsectionnumber=\count103

("C:\Program Files\MiKTeX 2.9\tex\latex\beamer\beamerbaseoptions.sty"
("C:\Program Files\MiKTeX 2.9\tex\latex\graphics\keyval.sty"
Package: keyval 2014/10/28 v1.15 key=value parser (DPC)
\KV@toks@=\toks14
))
\beamer@paperwidth=\skip42
\beamer@paperheight=\skip43

("C:\Program Files\MiKTeX 2.9\tex\latex\geometry\geometry.sty"
Package: geometry 2010/09/12 v5.6 Page Geometry

("C:\Program Files\MiKTeX 2.9\tex\generic\oberdiek\ifvtex.sty"
Package: ifvtex 2016/05/16 v1.6 Detect VTeX and its facilities (HO)
Package ifvtex Info: VTeX not detected.
)
("C:\Program Files\MiKTeX 2.9\tex\generic\ifxetex\ifxetex.sty"
Package: ifxetex 2010/09/12 v0.6 Provides ifxetex conditional
)
\Gm@cnth=\count104
\Gm@cntv=\count105
\c@Gm@tempcnt=\count106
\Gm@bindingoffset=\dimen118
\Gm@wd@mp=\dimen119
\Gm@odd@mp=\dimen120
\Gm@even@mp=\dimen121
\Gm@layoutwidth=\dimen122
\Gm@layoutheight=\dimen123
\Gm@layouthoffset=\dimen124
\Gm@layoutvoffset=\dimen125
\Gm@dimlist=\toks15

("C:\Program Files\MiKTeX 2.9\tex\xelatex\xetexconfig\geometry.cfg"))
("C:\Program Files\MiKTeX 2.9\tex\latex\base\fleqn.clo"
File: fleqn.clo 2016/12/29 v1.2a Standard LaTeX option (flush left equations)
\mathindent=\dimen126
Applying: [2015/01/01] Make \[ robust on input line 50.
LaTeX Info: Redefining \[ on input line 51.
Already applied: [0000/00/00] Make \[ robust on input line 62.
Applying: [2015/01/01] Make \] robust on input line 74.
LaTeX Info: Redefining \] on input line 75.
Already applied: [0000/00/00] Make \] robust on input line 83.
)
("C:\Program Files\MiKTeX 2.9\tex\latex\extsizes\size8.clo"
File: size8.clo 1999/11/11 v1.4a NON-Standard LaTeX file (size option)
)
("C:\Program Files\MiKTeX 2.9\tex\latex\pgf\basiclayer\pgfcore.sty"
("C:\Program Files\MiKTeX 2.9\tex\latex\graphics\graphicx.sty"
Package: graphicx 2017/06/01 v1.1a Enhanced LaTeX Graphics (DPC,SPQR)

("C:\Program Files\MiKTeX 2.9\tex\latex\graphics\graphics.sty"
Package: graphics 2017/06/25 v1.2c Standard LaTeX Graphics (DPC,SPQR)

("C:\Program Files\MiKTeX 2.9\tex\latex\graphics\trig.sty"
Package: trig 2016/01/03 v1.10 sin cos tan (DPC)
)
("C:\Program Files\MiKTeX 2.9\tex\latex\graphics-cfg\graphics.cfg"
File: graphics.cfg 2016/06/04 v1.11 sample graphics configuration
)
Package graphics Info: Driver file: xetex.def on input line 99.

("C:\Program Files\MiKTeX 2.9\tex\latex\graphics-def\xetex.def"
File: xetex.def 2017/06/24 v5.0h Graphics/color driver for xetex
))
\Gin@req@height=\dimen127
\Gin@req@width=\dimen128
)
("C:\Program Files\MiKTeX 2.9\tex\latex\pgf\systemlayer\pgfsys.sty"
("C:\Program Files\MiKTeX 2.9\tex\latex\pgf\utilities\pgfrcs.sty"
("C:\Program Files\MiKTeX 2.9\tex\generic\pgf\utilities\pgfutil-common.tex"
\pgfutil@everybye=\toks16
\pgfutil@tempdima=\dimen129
\pgfutil@tempdimb=\dimen130

("C:\Program Files\MiKTeX 2.9\tex\generic\pgf\utilities\pgfutil-common-lists.te
x")) ("C:\Program Files\MiKTeX 2.9\tex\generic\pgf\utilities\pgfutil-latex.def"
\pgfutil@abb=\box34
("C:\Program Files\MiKTeX 2.9\tex\latex\ms\everyshi.sty"
Package: everyshi 2001/05/15 v3.00 EveryShipout Package (MS)
))
("C:\Program Files\MiKTeX 2.9\tex\generic\pgf\utilities\pgfrcs.code.tex"
Package: pgfrcs 2015/08/07 v3.0.1a (rcs-revision 1.31)
))
("C:\Program Files\MiKTeX 2.9\tex\generic\pgf\systemlayer\pgfsys.code.tex"
Package: pgfsys 2014/07/09 v3.0.1a (rcs-revision 1.48)

("C:\Program Files\MiKTeX 2.9\tex\generic\pgf\utilities\pgfkeys.code.tex"
\pgfkeys@pathtoks=\toks17
\pgfkeys@temptoks=\toks18

("C:\Program Files\MiKTeX 2.9\tex\generic\pgf\utilities\pgfkeysfiltered.code.te
x"
\pgfkeys@tmptoks=\toks19
))
\pgf@x=\dimen131
\pgf@y=\dimen132
\pgf@xa=\dimen133
\pgf@ya=\dimen134
\pgf@xb=\dimen135
\pgf@yb=\dimen136
\pgf@xc=\dimen137
\pgf@yc=\dimen138
\w@pgf@writea=\write3
\r@pgf@reada=\read1
\c@pgf@counta=\count107
\c@pgf@countb=\count108
\c@pgf@countc=\count109
\c@pgf@countd=\count110
\t@pgf@toka=\toks20
\t@pgf@tokb=\toks21
\t@pgf@tokc=\toks22
 ("C:\Program Files\MiKTeX 2.9\tex\generic\pgf\systemlayer\pgf.cfg"
File: pgf.cfg 2008/05/14  (rcs-revision 1.7)
)
Driver file for pgf: pgfsys-xetex.def

("C:\Program Files\MiKTeX 2.9\tex\generic\pgf\systemlayer\pgfsys-xetex.def"
File: pgfsys-xetex.def 2014/07/09  (rcs-revision 1.11)

("C:\Program Files\MiKTeX 2.9\tex\generic\pgf\systemlayer\pgfsys-dvipdfmx.def"
File: pgfsys-dvipdfmx.def 2014/07/09  (rcs-revision 1.14)

("C:\Program Files\MiKTeX 2.9\tex\generic\pgf\systemlayer\pgfsys-common-pdf.def
"
File: pgfsys-common-pdf.def 2013/10/10  (rcs-revision 1.13)
)
\pgfsys@objnum=\count111
)))
("C:\Program Files\MiKTeX 2.9\tex\generic\pgf\systemlayer\pgfsyssoftpath.code.t
ex"
File: pgfsyssoftpath.code.tex 2013/09/09  (rcs-revision 1.9)
\pgfsyssoftpath@smallbuffer@items=\count112
\pgfsyssoftpath@bigbuffer@items=\count113
)
("C:\Program Files\MiKTeX 2.9\tex\generic\pgf\systemlayer\pgfsysprotocol.code.t
ex"
File: pgfsysprotocol.code.tex 2006/10/16  (rcs-revision 1.4)
)) ("C:\Program Files\MiKTeX 2.9\tex\latex\xcolor\xcolor.sty"
Package: xcolor 2016/05/11 v2.12 LaTeX color extensions (UK)

("C:\Program Files\MiKTeX 2.9\tex\latex\graphics-cfg\color.cfg"
File: color.cfg 2016/01/02 v1.6 sample color configuration
)
Package xcolor Info: Driver file: xetex.def on input line 225.
Package xcolor Info: Model `cmy' substituted by `cmy0' on input line 1348.
Package xcolor Info: Model `RGB' extended on input line 1364.
Package xcolor Info: Model `HTML' substituted by `rgb' on input line 1366.
Package xcolor Info: Model `Hsb' substituted by `hsb' on input line 1367.
Package xcolor Info: Model `tHsb' substituted by `hsb' on input line 1368.
Package xcolor Info: Model `HSB' substituted by `hsb' on input line 1369.
Package xcolor Info: Model `Gray' substituted by `gray' on input line 1370.
Package xcolor Info: Model `wave' substituted by `hsb' on input line 1371.

("C:\Program Files\MiKTeX 2.9\tex\latex\graphics\dvipsnam.def"
File: dvipsnam.def 2016/06/17 v3.0m Driver-dependent file (DPC,SPQR)
))
("C:\Program Files\MiKTeX 2.9\tex\generic\pgf\basiclayer\pgfcore.code.tex"
Package: pgfcore 2010/04/11 v3.0.1a (rcs-revision 1.7)

("C:\Program Files\MiKTeX 2.9\tex\generic\pgf\math\pgfmath.code.tex"
("C:\Program Files\MiKTeX 2.9\tex\generic\pgf\math\pgfmathcalc.code.tex"
("C:\Program Files\MiKTeX 2.9\tex\generic\pgf\math\pgfmathutil.code.tex")
("C:\Program Files\MiKTeX 2.9\tex\generic\pgf\math\pgfmathparser.code.tex"
\pgfmath@dimen=\dimen139
\pgfmath@count=\count114
\pgfmath@box=\box35
\pgfmath@toks=\toks23
\pgfmath@stack@operand=\toks24
\pgfmath@stack@operation=\toks25
)
("C:\Program Files\MiKTeX 2.9\tex\generic\pgf\math\pgfmathfunctions.code.tex"
("C:\Program Files\MiKTeX 2.9\tex\generic\pgf\math\pgfmathfunctions.basic.code.
tex")
("C:\Program Files\MiKTeX 2.9\tex\generic\pgf\math\pgfmathfunctions.trigonometr
ic.code.tex")
("C:\Program Files\MiKTeX 2.9\tex\generic\pgf\math\pgfmathfunctions.random.code
.tex")
("C:\Program Files\MiKTeX 2.9\tex\generic\pgf\math\pgfmathfunctions.comparison.
code.tex")
("C:\Program Files\MiKTeX 2.9\tex\generic\pgf\math\pgfmathfunctions.base.code.t
ex")
("C:\Program Files\MiKTeX 2.9\tex\generic\pgf\math\pgfmathfunctions.round.code.
tex")
("C:\Program Files\MiKTeX 2.9\tex\generic\pgf\math\pgfmathfunctions.misc.code.t
ex")
("C:\Program Files\MiKTeX 2.9\tex\generic\pgf\math\pgfmathfunctions.integerarit
hmetics.code.tex")))
("C:\Program Files\MiKTeX 2.9\tex\generic\pgf\math\pgfmathfloat.code.tex"
\c@pgfmathroundto@lastzeros=\count115
))
("C:\Program Files\MiKTeX 2.9\tex\generic\pgf\basiclayer\pgfcorepoints.code.tex
"
File: pgfcorepoints.code.tex 2013/10/07  (rcs-revision 1.27)
\pgf@picminx=\dimen140
\pgf@picmaxx=\dimen141
\pgf@picminy=\dimen142
\pgf@picmaxy=\dimen143
\pgf@pathminx=\dimen144
\pgf@pathmaxx=\dimen145
\pgf@pathminy=\dimen146
\pgf@pathmaxy=\dimen147
\pgf@xx=\dimen148
\pgf@xy=\dimen149
\pgf@yx=\dimen150
\pgf@yy=\dimen151
\pgf@zx=\dimen152
\pgf@zy=\dimen153
)
("C:\Program Files\MiKTeX 2.9\tex\generic\pgf\basiclayer\pgfcorepathconstruct.c
ode.tex"
File: pgfcorepathconstruct.code.tex 2013/10/07  (rcs-revision 1.29)
\pgf@path@lastx=\dimen154
\pgf@path@lasty=\dimen155
)
("C:\Program Files\MiKTeX 2.9\tex\generic\pgf\basiclayer\pgfcorepathusage.code.
tex"
File: pgfcorepathusage.code.tex 2014/11/02  (rcs-revision 1.24)
\pgf@shorten@end@additional=\dimen156
\pgf@shorten@start@additional=\dimen157
)
("C:\Program Files\MiKTeX 2.9\tex\generic\pgf\basiclayer\pgfcorescopes.code.tex
"
File: pgfcorescopes.code.tex 2015/05/08  (rcs-revision 1.46)
\pgfpic=\box36
\pgf@hbox=\box37
\pgf@layerbox@main=\box38
\pgf@picture@serial@count=\count116
)
("C:\Program Files\MiKTeX 2.9\tex\generic\pgf\basiclayer\pgfcoregraphicstate.co
de.tex"
File: pgfcoregraphicstate.code.tex 2014/11/02  (rcs-revision 1.12)
\pgflinewidth=\dimen158
)
("C:\Program Files\MiKTeX 2.9\tex\generic\pgf\basiclayer\pgfcoretransformations
.code.tex"
File: pgfcoretransformations.code.tex 2015/08/07  (rcs-revision 1.20)
\pgf@pt@x=\dimen159
\pgf@pt@y=\dimen160
\pgf@pt@temp=\dimen161
)
("C:\Program Files\MiKTeX 2.9\tex\generic\pgf\basiclayer\pgfcorequick.code.tex"
File: pgfcorequick.code.tex 2008/10/09  (rcs-revision 1.3)
)
("C:\Program Files\MiKTeX 2.9\tex\generic\pgf\basiclayer\pgfcoreobjects.code.te
x"
File: pgfcoreobjects.code.tex 2006/10/11  (rcs-revision 1.2)
)
("C:\Program Files\MiKTeX 2.9\tex\generic\pgf\basiclayer\pgfcorepathprocessing.
code.tex"
File: pgfcorepathprocessing.code.tex 2013/09/09  (rcs-revision 1.9)
)
("C:\Program Files\MiKTeX 2.9\tex\generic\pgf\basiclayer\pgfcorearrows.code.tex
"
File: pgfcorearrows.code.tex 2015/05/14  (rcs-revision 1.43)
\pgfarrowsep=\dimen162
)
("C:\Program Files\MiKTeX 2.9\tex\generic\pgf\basiclayer\pgfcoreshade.code.tex"
File: pgfcoreshade.code.tex 2013/07/15  (rcs-revision 1.15)
\pgf@max=\dimen163
\pgf@sys@shading@range@num=\count117
) ("C:\Program Files\MiKTeX 2.9\tex\generic\pgf\basiclayer\pgfcoreimage.code.te
x"
File: pgfcoreimage.code.tex 2013/07/15  (rcs-revision 1.18)

("C:\Program Files\MiKTeX 2.9\tex\generic\pgf\basiclayer\pgfcoreexternal.code.t
ex"
File: pgfcoreexternal.code.tex 2014/07/09  (rcs-revision 1.21)
\pgfexternal@startupbox=\box39
))
("C:\Program Files\MiKTeX 2.9\tex\generic\pgf\basiclayer\pgfcorelayers.code.tex
"
File: pgfcorelayers.code.tex 2013/07/18  (rcs-revision 1.7)
)
("C:\Program Files\MiKTeX 2.9\tex\generic\pgf\basiclayer\pgfcoretransparency.co
de.tex"
File: pgfcoretransparency.code.tex 2013/09/30  (rcs-revision 1.5)
)
("C:\Program Files\MiKTeX 2.9\tex\generic\pgf\basiclayer\pgfcorepatterns.code.t
ex"
File: pgfcorepatterns.code.tex 2013/11/07  (rcs-revision 1.5)
))) ("C:\Program Files\MiKTeX 2.9\tex\latex\pgf\utilities\xxcolor.sty"
Package: xxcolor 2003/10/24 ver 0.1
\XC@nummixins=\count118
\XC@countmixins=\count119
)
("C:\Program Files\MiKTeX 2.9\tex\generic\oberdiek\atbegshi.sty"
Package: atbegshi 2016/06/09 v1.18 At begin shipout hook (HO)

("C:\Program Files\MiKTeX 2.9\tex\generic\oberdiek\infwarerr.sty"
Package: infwarerr 2016/05/16 v1.4 Providing info/warning/error messages (HO)
)
("C:\Program Files\MiKTeX 2.9\tex\generic\oberdiek\ltxcmds.sty"
Package: ltxcmds 2016/05/16 v1.23 LaTeX kernel commands for general use (HO)
))
("C:\Program Files\MiKTeX 2.9\tex\latex\hyperref\hyperref.sty"
Package: hyperref 2017/03/14 v6.85a Hypertext links for LaTeX

("C:\Program Files\MiKTeX 2.9\tex\generic\oberdiek\hobsub-hyperref.sty"
Package: hobsub-hyperref 2016/05/16 v1.14 Bundle oberdiek, subset hyperref (HO)


("C:\Program Files\MiKTeX 2.9\tex\generic\oberdiek\hobsub-generic.sty"
Package: hobsub-generic 2016/05/16 v1.14 Bundle oberdiek, subset generic (HO)
Package: hobsub 2016/05/16 v1.14 Construct package bundles (HO)
Package hobsub Info: Skipping package `infwarerr' (already loaded).
Package hobsub Info: Skipping package `ltxcmds' (already loaded).
Package: ifluatex 2016/05/16 v1.4 Provides the ifluatex switch (HO)
Package ifluatex Info: LuaTeX not detected.
Package hobsub Info: Skipping package `ifvtex' (already loaded).
Package: intcalc 2016/05/16 v1.2 Expandable calculations with integers (HO)
Package hobsub Info: Skipping package `ifpdf' (already loaded).
Package: etexcmds 2016/05/16 v1.6 Avoid name clashes with e-TeX commands (HO)
Package etexcmds Info: Could not find \expanded.
(etexcmds)             That can mean that you are not using pdfTeX 1.50 or
(etexcmds)             that some package has redefined \expanded.
(etexcmds)             In the latter case, load this package earlier.
Package: kvsetkeys 2016/05/16 v1.17 Key value parser (HO)
Package: kvdefinekeys 2016/05/16 v1.4 Define keys (HO)
Package: pdftexcmds 2017/03/19 v0.25 Utility functions of pdfTeX for LuaTeX (HO
)
Package pdftexcmds Info: LuaTeX not detected.
Package pdftexcmds Info: pdfTeX >= 1.30 not detected.
Package pdftexcmds Info: \pdf@primitive is available.
Package pdftexcmds Info: \pdf@ifprimitive is available.
Package pdftexcmds Info: \pdfdraftmode not found.
Package: pdfescape 2016/05/16 v1.14 Implements pdfTeX's escape features (HO)
Package: bigintcalc 2016/05/16 v1.4 Expandable calculations on big integers (HO
)
Package: bitset 2016/05/16 v1.2 Handle bit-vector datatype (HO)
Package: uniquecounter 2016/05/16 v1.3 Provide unlimited unique counter (HO)
)
Package hobsub Info: Skipping package `hobsub' (already loaded).
Package: letltxmacro 2016/05/16 v1.5 Let assignment for LaTeX macros (HO)
Package: hopatch 2016/05/16 v1.3 Wrapper for package hooks (HO)
Package: xcolor-patch 2016/05/16 xcolor patch
Package: atveryend 2016/05/16 v1.9 Hooks at the very end of document (HO)
Package hobsub Info: Skipping package `atbegshi' (already loaded).
Package: refcount 2016/05/16 v3.5 Data extraction from label references (HO)
Package: hycolor 2016/05/16 v1.8 Color options for hyperref/bookmark (HO)
)
("C:\Program Files\MiKTeX 2.9\tex\latex\oberdiek\auxhook.sty"
Package: auxhook 2016/05/16 v1.4 Hooks for auxiliary files (HO)
)
("C:\Program Files\MiKTeX 2.9\tex\latex\oberdiek\kvoptions.sty"
Package: kvoptions 2016/05/16 v3.12 Key value format for package options (HO)
)
\@linkdim=\dimen164
\Hy@linkcounter=\count120
\Hy@pagecounter=\count121

("C:\Program Files\MiKTeX 2.9\tex\latex\hyperref\pd1enc.def"
File: pd1enc.def 2017/03/14 v6.85a Hyperref: PDFDocEncoding definition (HO)
)
\Hy@SavedSpaceFactor=\count122

("C:\Program Files\MiKTeX 2.9\tex\latex\00miktex\hyperref.cfg"
File: hyperref.cfg 2002/06/06 v1.2 hyperref configuration of TeXLive
)
Package hyperref Info: Option `bookmarks' set `true' on input line 4374.
Package hyperref Info: Option `bookmarksopen' set `true' on input line 4374.
Package hyperref Info: Option `unicode' set `true' on input line 4374.

("C:\Program Files\MiKTeX 2.9\tex\latex\hyperref\puenc.def"
File: puenc.def 2017/03/14 v6.85a Hyperref: PDF Unicode definition (HO)
)
Package hyperref Info: Option `implicit' set `false' on input line 4374.
Package hyperref Info: Hyper figures OFF on input line 4498.
Package hyperref Info: Link nesting OFF on input line 4503.
Package hyperref Info: Hyper index ON on input line 4506.
Package hyperref Info: Plain pages OFF on input line 4513.
Package hyperref Info: Backreferencing OFF on input line 4518.
Package hyperref Info: Implicit mode OFF; no redefinition of LaTeX internals.
Package hyperref Info: Bookmarks ON on input line 4751.
\c@Hy@tempcnt=\count123

("C:\Program Files\MiKTeX 2.9\tex\latex\url\url.sty"
\Urlmuskip=\muskip10
Package: url 2013/09/16  ver 3.4  Verb mode for urls, etc.
)
LaTeX Info: Redefining \url on input line 5104.
\XeTeXLinkMargin=\dimen165
\Fld@menulength=\count124
\Field@Width=\dimen166
\Fld@charsize=\dimen167
Package hyperref Info: Hyper figures OFF on input line 6358.
Package hyperref Info: Link nesting OFF on input line 6363.
Package hyperref Info: Hyper index ON on input line 6366.
Package hyperref Info: backreferencing OFF on input line 6373.
Package hyperref Info: Link coloring OFF on input line 6378.
Package hyperref Info: Link coloring with OCG OFF on input line 6383.
Package hyperref Info: PDF/A mode OFF on input line 6388.
LaTeX Info: Redefining \ref on input line 6428.
LaTeX Info: Redefining \pageref on input line 6432.
\Hy@abspage=\count125


Package hyperref Message: Stopped early.

)

Package hyperref Message: Driver (autodetected): hxetex.

("C:\Program Files\MiKTeX 2.9\tex\latex\hyperref\hxetex.def"
File: hxetex.def 2017/03/14 v6.85a Hyperref driver for XeTeX

("C:\Program Files\MiKTeX 2.9\tex\generic\oberdiek\stringenc.sty"
Package: stringenc 2016/05/16 v1.11 Convert strings between diff. encodings (HO
)
)
\pdfm@box=\box40
\c@Hy@AnnotLevel=\count126
\HyField@AnnotCount=\count127
\Fld@listcount=\count128
\c@bookmark@seq@number=\count129

("C:\Program Files\MiKTeX 2.9\tex\latex\oberdiek\rerunfilecheck.sty"
Package: rerunfilecheck 2016/05/16 v1.8 Rerun checks for auxiliary files (HO)
Package rerunfilecheck Info: Feature \pdfmdfivesum is not available
(rerunfilecheck)             (e.g. pdfTeX or LuaTeX with package `pdftexcmds').

(rerunfilecheck)             Therefore file contents cannot be checked efficien
tly
(rerunfilecheck)             and the loading of the package is aborted.
))
("C:\Program Files\MiKTeX 2.9\tex\latex\beamer\beamerbaserequires.sty"
("C:\Program Files\MiKTeX 2.9\tex\latex\beamer\beamerbasecompatibility.sty")
("C:\Program Files\MiKTeX 2.9\tex\latex\beamer\beamerbasefont.sty"
("C:\Program Files\MiKTeX 2.9\tex\latex\amsfonts\amssymb.sty"
Package: amssymb 2013/01/14 v3.01 AMS font symbols

("C:\Program Files\MiKTeX 2.9\tex\latex\amsfonts\amsfonts.sty"
Package: amsfonts 2013/01/14 v3.01 Basic AMSFonts support
\@emptytoks=\toks26
\symAMSa=\mathgroup4
\symAMSb=\mathgroup5
LaTeX Font Info:    Overwriting math alphabet `\mathfrak' in version `bold'
(Font)                  U/euf/m/n --> U/euf/b/n on input line 106.
))
("C:\Program Files\MiKTeX 2.9\tex\latex\sansmathaccent\sansmathaccent.sty"
Package: sansmathaccent 2013/03/28

("C:\Program Files\MiKTeX 2.9\tex\latex\filehook\filehook.sty"
Package: filehook 2011/10/12 v0.5d Hooks for input files
)))
("C:\Program Files\MiKTeX 2.9\tex\latex\beamer\beamerbasetranslator.sty"
("C:\Program Files\MiKTeX 2.9\tex\latex\translator\translator.sty"
Package: translator 2018/01/04 v1.12 Easy translation of strings in LaTeX
))
("C:\Program Files\MiKTeX 2.9\tex\latex\beamer\beamerbasemisc.sty")
("C:\Program Files\MiKTeX 2.9\tex\latex\beamer\beamerbasetwoscreens.sty")
("C:\Program Files\MiKTeX 2.9\tex\latex\beamer\beamerbaseoverlay.sty"
\beamer@argscount=\count130
\beamer@lastskipcover=\skip44
\beamer@trivlistdepth=\count131
)
("C:\Program Files\MiKTeX 2.9\tex\latex\beamer\beamerbasetitle.sty")
("C:\Program Files\MiKTeX 2.9\tex\latex\beamer\beamerbasesection.sty"
\c@lecture=\count132
\c@part=\count133
\c@section=\count134
\c@subsection=\count135
\c@subsubsection=\count136
)
("C:\Program Files\MiKTeX 2.9\tex\latex\beamer\beamerbaseframe.sty"
\beamer@framebox=\box41
\beamer@frametitlebox=\box42
\beamer@zoombox=\box43
\beamer@zoomcount=\count137
\beamer@zoomframecount=\count138
\beamer@frametextheight=\dimen168
\c@subsectionslide=\count139
\beamer@frametopskip=\skip45
\beamer@framebottomskip=\skip46
\beamer@frametopskipautobreak=\skip47
\beamer@framebottomskipautobreak=\skip48
\beamer@envbody=\toks27
\framewidth=\dimen169
\c@framenumber=\count140
)
("C:\Program Files\MiKTeX 2.9\tex\latex\beamer\beamerbaseverbatim.sty"
\beamer@verbatimfileout=\write4
)
("C:\Program Files\MiKTeX 2.9\tex\latex\beamer\beamerbaseframesize.sty"
\beamer@splitbox=\box44
\beamer@autobreakcount=\count141
\beamer@autobreaklastheight=\dimen170
\beamer@frametitletoks=\toks28
\beamer@framesubtitletoks=\toks29
)
("C:\Program Files\MiKTeX 2.9\tex\latex\beamer\beamerbaseframecomponents.sty"
\beamer@footins=\box45
)
("C:\Program Files\MiKTeX 2.9\tex\latex\beamer\beamerbasecolor.sty"
\beamer@bg@ht=\dimen171
\beamer@bg@wd=\dimen172
\beamer@bg@dp=\dimen173
)
("C:\Program Files\MiKTeX 2.9\tex\latex\beamer\beamerbasenotes.sty"
\beamer@frameboxcopy=\box46
)
("C:\Program Files\MiKTeX 2.9\tex\latex\beamer\beamerbasetoc.sty")
("C:\Program Files\MiKTeX 2.9\tex\latex\beamer\beamerbasetemplates.sty"
\beamer@sbttoks=\toks30

("C:\Program Files\MiKTeX 2.9\tex\latex\beamer\beamerbaseauxtemplates.sty"
("C:\Program Files\MiKTeX 2.9\tex\latex\beamer\beamerbaseboxes.sty"
\bmb@box=\box47
\bmb@colorbox=\box48
\bmb@boxshadow=\box49
\bmb@boxshadowball=\box50
\bmb@boxshadowballlarge=\box51
\bmb@temp=\dimen174
\bmb@dima=\dimen175
\bmb@dimb=\dimen176
\bmb@prevheight=\dimen177
)
\beamer@blockheadheight=\dimen178
))
("C:\Program Files\MiKTeX 2.9\tex\latex\beamer\beamerbaselocalstructure.sty"
("C:\Program Files\MiKTeX 2.9\tex\latex\tools\enumerate.sty"
Package: enumerate 2015/07/23 v3.00 enumerate extensions (DPC)
\@enLab=\toks31
)
\c@figure=\count142
\c@table=\count143
\abovecaptionskip=\skip49
\belowcaptionskip=\skip50
)
("C:\Program Files\MiKTeX 2.9\tex\latex\beamer\beamerbasenavigation.sty"
\beamer@section@min@dim=\dimen179
)
("C:\Program Files\MiKTeX 2.9\tex\latex\beamer\beamerbasetheorems.sty"
("C:\Program Files\MiKTeX 2.9\tex\latex\amsmath\amsmath.sty"
Package: amsmath 2017/09/02 v2.17a AMS math features
\@mathmargin=\skip51

For additional information on amsmath, use the `?' option.
("C:\Program Files\MiKTeX 2.9\tex\latex\amsmath\amstext.sty"
Package: amstext 2000/06/29 v2.01 AMS text

("C:\Program Files\MiKTeX 2.9\tex\latex\amsmath\amsgen.sty"
File: amsgen.sty 1999/11/30 v2.0 generic functions
\@emptytoks=\toks32
\ex@=\dimen180
))
("C:\Program Files\MiKTeX 2.9\tex\latex\amsmath\amsbsy.sty"
Package: amsbsy 1999/11/29 v1.2d Bold Symbols
\pmbraise@=\dimen181
)
("C:\Program Files\MiKTeX 2.9\tex\latex\amsmath\amsopn.sty"
Package: amsopn 2016/03/08 v2.02 operator names
)
\inf@bad=\count144
LaTeX Info: Redefining \frac on input line 213.
\uproot@=\count145
\leftroot@=\count146
LaTeX Info: Redefining \overline on input line 375.
\classnum@=\count147
\DOTSCASE@=\count148
LaTeX Info: Redefining \ldots on input line 472.
LaTeX Info: Redefining \dots on input line 475.
LaTeX Info: Redefining \cdots on input line 596.
\Mathstrutbox@=\box52
\strutbox@=\box53
\big@size=\dimen182
LaTeX Font Info:    Redeclaring font encoding OML on input line 712.
LaTeX Font Info:    Redeclaring font encoding OMS on input line 713.
\macc@depth=\count149
\c@MaxMatrixCols=\count150
\dotsspace@=\muskip11
\c@parentequation=\count151
\dspbrk@lvl=\count152
\tag@help=\toks33
\row@=\count153
\column@=\count154
\maxfields@=\count155
\andhelp@=\toks34
\eqnshift@=\dimen183
\alignsep@=\dimen184
\tagshift@=\dimen185
\tagwidth@=\dimen186
\totwidth@=\dimen187
\lineht@=\dimen188
\@envbody=\toks35
\multlinegap=\skip52
\multlinetaggap=\skip53
\mathdisplay@stack=\toks36
LaTeX Info: Redefining \[ on input line 2817.
LaTeX Info: Redefining \] on input line 2818.
)
("C:\Program Files\MiKTeX 2.9\tex\latex\amscls\amsthm.sty"
Package: amsthm 2015/03/04 v2.20.2
\thm@style=\toks37
\thm@bodyfont=\toks38
\thm@headfont=\toks39
\thm@notefont=\toks40
\thm@headpunct=\toks41
\thm@preskip=\skip54
\thm@postskip=\skip55
\thm@headsep=\skip56
\dth@everypar=\toks42
)
\c@theorem=\count156
)
("C:\Program Files\MiKTeX 2.9\tex\latex\beamer\beamerbasethemes.sty"))
("C:\Program Files\MiKTeX 2.9\tex\latex\beamer\beamerthemedefault.sty"
("C:\Program Files\MiKTeX 2.9\tex\latex\beamer\beamerfontthemedefault.sty")
("C:\Program Files\MiKTeX 2.9\tex\latex\beamer\beamercolorthemedefault.sty")
("C:\Program Files\MiKTeX 2.9\tex\latex\beamer\beamerinnerthemedefault.sty"
\beamer@dima=\dimen189
\beamer@dimb=\dimen190
)
("C:\Program Files\MiKTeX 2.9\tex\latex\beamer\beamerouterthemedefault.sty")))
("C:\Program Files\MiKTeX 2.9\tex\latex\tools\array.sty"
Package: array 2016/10/06 v2.4d Tabular extension package (FMi)
\col@sep=\dimen191
\extrarowheight=\dimen192
\NC@list=\toks43
\extratabsurround=\skip57
\backup@length=\skip58
)
("C:\Program Files\MiKTeX 2.9\tex\latex\ucs\ucs.sty"
Package: ucs 2013/05/11 v2.2 UCS: Unicode input support

("C:\Program Files\MiKTeX 2.9\tex\latex\ucs\uni-global.def"
File: uni-global.def 2013/05/13 UCS: Unicode global data
)
\uc@secondtry=\count157
\uc@combtoks=\toks44
\uc@combtoksb=\toks45
\uc@temptokena=\toks46
)
("C:\Program Files\MiKTeX 2.9\tex\latex\base\inputenc.sty"
Package: inputenc 2015/03/17 v1.2c Input encoding file
\inpenc@prehook=\toks47
\inpenc@posthook=\toks48


Package inputenc Warning: inputenc package ignored with utf8 based engines.

) ("C:\Program Files\MiKTeX 2.9\tex\latex\polyglossia\polyglossia.sty"
Package: polyglossia 2015/03/25 v1.42.4 Alternative to Babel for XeLaTeX and Lu
aLaTeX

("C:\Program Files\MiKTeX 2.9\tex\latex\makecmds\makecmds.sty"
Package: makecmds 2009/09/03 v1.0a extra command making commands
)
("C:\Program Files\MiKTeX 2.9\tex\latex\xkeyval\xkeyval.sty"
Package: xkeyval 2014/12/03 v2.7a package option processing (HA)

("C:\Program Files\MiKTeX 2.9\tex\generic\xkeyval\xkeyval.tex"
("C:\Program Files\MiKTeX 2.9\tex\generic\xkeyval\xkvutils.tex"
\XKV@toks=\toks49
\XKV@tempa@toks=\toks50
)
\XKV@depth=\count158
File: xkeyval.tex 2014/12/03 v2.7a key=value parser (HA)
))
("C:\Program Files\MiKTeX 2.9\tex\latex\fontspec\fontspec.sty"
("C:\Program Files\MiKTeX 2.9\tex\latex\l3packages\xparse\xparse.sty"
("C:\Program Files\MiKTeX 2.9\tex\latex\l3kernel\expl3.sty"
Package: expl3 2017/09/18 L3 programming layer (loader) 

("C:\Program Files\MiKTeX 2.9\tex\latex\l3kernel\expl3-code.tex"
Package: expl3 2017/09/18 L3 programming layer (code)
\c_max_int=\count159
\l_tmpa_int=\count160
\l_tmpb_int=\count161
\g_tmpa_int=\count162
\g_tmpb_int=\count163
\g__intarray_font_int=\count164
\g__prg_map_int=\count165
\c_log_iow=\count166
\l_iow_line_count_int=\count167
\l__iow_line_target_int=\count168
\l__iow_one_indent_int=\count169
\l__iow_indent_int=\count170
\c_zero_dim=\dimen193
\c_max_dim=\dimen194
\l_tmpa_dim=\dimen195
\l_tmpb_dim=\dimen196
\g_tmpa_dim=\dimen197
\g_tmpb_dim=\dimen198
\c_zero_skip=\skip59
\c_max_skip=\skip60
\l_tmpa_skip=\skip61
\l_tmpb_skip=\skip62
\g_tmpa_skip=\skip63
\g_tmpb_skip=\skip64
\c_zero_muskip=\muskip12
\c_max_muskip=\muskip13
\l_tmpa_muskip=\muskip14
\l_tmpb_muskip=\muskip15
\g_tmpa_muskip=\muskip16
\g_tmpb_muskip=\muskip17
\l_keys_choice_int=\count171
\c__fp_leading_shift_int=\count172
\c__fp_middle_shift_int=\count173
\c__fp_trailing_shift_int=\count174
\c__fp_big_leading_shift_int=\count175
\c__fp_big_middle_shift_int=\count176
\c__fp_big_trailing_shift_int=\count177
\c__fp_Bigg_leading_shift_int=\count178
\c__fp_Bigg_middle_shift_int=\count179
\c__fp_Bigg_trailing_shift_int=\count180
\l__sort_length_int=\count181
\l__sort_min_int=\count182
\l__sort_top_int=\count183
\l__sort_max_int=\count184
\l__sort_true_max_int=\count185
\l__sort_block_int=\count186
\l__sort_begin_int=\count187
\l__sort_end_int=\count188
\l__sort_A_int=\count189
\l__sort_B_int=\count190
\l__sort_C_int=\count191
\l__tl_build_start_index_int=\count192
\l__tl_build_index_int=\count193
\l__tl_analysis_normal_int=\count194
\l__tl_analysis_index_int=\count195
\l__tl_analysis_nesting_int=\count196
\l__tl_analysis_type_int=\count197
\l__regex_internal_a_int=\count198
\l__regex_internal_b_int=\count199
\l__regex_internal_c_int=\count266
\l__regex_balance_int=\count267
\l__regex_group_level_int=\count268
\l__regex_mode_int=\count269
\c__regex_cs_in_class_mode_int=\count270
\c__regex_cs_mode_int=\count271
\l__regex_catcodes_int=\count272
\l__regex_default_catcodes_int=\count273
\c__regex_catcode_L_int=\count274
\c__regex_catcode_O_int=\count275
\c__regex_catcode_A_int=\count276
\c__regex_all_catcodes_int=\count277
\l__regex_show_lines_int=\count278
\l__regex_min_state_int=\count279
\l__regex_max_state_int=\count280
\l__regex_left_state_int=\count281
\l__regex_right_state_int=\count282
\l__regex_capturing_group_int=\count283
\l__regex_min_pos_int=\count284
\l__regex_max_pos_int=\count285
\l__regex_curr_pos_int=\count286
\l__regex_start_pos_int=\count287
\l__regex_success_pos_int=\count288
\l__regex_curr_char_int=\count289
\l__regex_curr_catcode_int=\count290
\l__regex_last_char_int=\count291
\l__regex_case_changed_char_int=\count292
\l__regex_curr_state_int=\count293
\l__regex_step_int=\count294
\l__regex_min_active_int=\count295
\l__regex_max_active_int=\count296
\l__regex_replacement_csnames_int=\count297
\l__regex_match_count_int=\count298
\l__regex_min_submatch_int=\count299
\l__regex_submatch_int=\count300
\l__regex_zeroth_submatch_int=\count301
\g__debug_trace_regex_int=\count302
\c_empty_box=\box54
\l_tmpa_box=\box55
\l_tmpb_box=\box56
\g_tmpa_box=\box57
\g_tmpb_box=\box58
\l__box_top_dim=\dimen199
\l__box_bottom_dim=\dimen256
\l__box_left_dim=\dimen257
\l__box_right_dim=\dimen258
\l__box_top_new_dim=\dimen259
\l__box_bottom_new_dim=\dimen260
\l__box_left_new_dim=\dimen261
\l__box_right_new_dim=\dimen262
\l__box_internal_box=\box59
\l__coffin_internal_box=\box60
\l__coffin_internal_dim=\dimen263
\l__coffin_offset_x_dim=\dimen264
\l__coffin_offset_y_dim=\dimen265
\l__coffin_x_dim=\dimen266
\l__coffin_y_dim=\dimen267
\l__coffin_x_prime_dim=\dimen268
\l__coffin_y_prime_dim=\dimen269
\c_empty_coffin=\box61
\l__coffin_aligned_coffin=\box62
\l__coffin_aligned_internal_coffin=\box63
\l_tmpa_coffin=\box64
\l_tmpb_coffin=\box65
\l__coffin_display_coffin=\box66
\l__coffin_display_coord_coffin=\box67
\l__coffin_display_pole_coffin=\box68
\l__coffin_display_offset_dim=\dimen270
\l__coffin_display_x_dim=\dimen271
\l__coffin_display_y_dim=\dimen272
\l__coffin_bounding_shift_dim=\dimen273
\l__coffin_left_corner_dim=\dimen274
\l__coffin_right_corner_dim=\dimen275
\l__coffin_bottom_corner_dim=\dimen276
\l__coffin_top_corner_dim=\dimen277
\l__coffin_scaled_total_height_dim=\dimen278
\l__coffin_scaled_width_dim=\dimen279
)
("C:\Program Files\MiKTeX 2.9\tex\latex\l3kernel\l3xdvipdfmx.def"
File: l3xdvidpfmx.def 2017/03/18 v L3 Experimental driver: xdvipdfmx
\g__driver_image_int=\count303
\l__driver_tmp_box=\box69
))
Package: xparse 2017/09/18 L3 Experimental document command parser
\l__xparse_current_arg_int=\count304
\g__xparse_grabber_int=\count305
\l__xparse_m_args_int=\count306
\l__xparse_mandatory_args_int=\count307
\l__xparse_v_nesting_int=\count308
)
Package: fontspec 2017/11/05 v2.6f Font selection for XeLaTeX and LuaLaTeX

("C:\Program Files\MiKTeX 2.9\tex\latex\fontspec\fontspec-xetex.sty"
Package: fontspec-xetex 2017/11/05 v2.6f Font selection for XeLaTeX and LuaLaTe
X
\l__fontspec_script_int=\count309
\l__fontspec_language_int=\count310
\l__fontspec_strnum_int=\count311
\l__fontspec_tmp_int=\count312
\l__fontspec_em_int=\count313
\l__fontspec_emdef_int=\count314
\l__fontspec_strong_int=\count315
\l__fontspec_strongdef_int=\count316
\l__fontspec_tmpa_dim=\dimen280
\l__fontspec_tmpb_dim=\dimen281
\l__fontspec_tmpc_dim=\dimen282
\g__file_internal_ior=\read2

("C:\Program Files\MiKTeX 2.9\tex\latex\base\fontenc.sty"
Package: fontenc 2017/04/05 v2.0i Standard LaTeX package

("C:\Program Files\MiKTeX 2.9\tex\latex\base\tuenc.def"
File: tuenc.def 2017/04/05 v2.0i Standard LaTeX file
LaTeX Font Info:    Redeclaring font encoding TU on input line 82.
))
.................................................
. LaTeX info: "xparse/define-command"
. 
. Defining command \fontspec with sig. 'O{}mO{}' on line 546.
.................................................
.................................................
. LaTeX info: "xparse/define-command"
. 
. Defining command \setmainfont with sig. 'O{}mO{}' on line 550.
.................................................
.................................................
. LaTeX info: "xparse/define-command"
. 
. Defining command \setsansfont with sig. 'O{}mO{}' on line 554.
.................................................
.................................................
. LaTeX info: "xparse/define-command"
. 
. Defining command \setmonofont with sig. 'O{}mO{}' on line 558.
.................................................
.................................................
. LaTeX info: "xparse/define-command"
. 
. Defining command \setmathrm with sig. 'O{}mO{}' on line 562.
.................................................
.................................................
. LaTeX info: "xparse/define-command"
. 
. Defining command \setboldmathrm with sig. 'O{}mO{}' on line 566.
.................................................
.................................................
. LaTeX info: "xparse/define-command"
. 
. Defining command \setmathsf with sig. 'O{}mO{}' on line 570.
.................................................
.................................................
. LaTeX info: "xparse/define-command"
. 
. Defining command \setmathtt with sig. 'O{}mO{}' on line 574.
.................................................
.................................................
. LaTeX info: "xparse/define-command"
. 
. Defining command \setromanfont with sig. 'O{}mO{}' on line 578.
.................................................
.................................................
. LaTeX info: "xparse/define-command"
. 
. Defining command \newfontfamily with sig. 'mO{}mO{}' on line 582.
.................................................
.................................................
. LaTeX info: "xparse/define-command"
. 
. Defining command \newfontface with sig. 'mO{}mO{}' on line 586.
.................................................
.................................................
. LaTeX info: "xparse/define-command"
. 
. Defining command \defaultfontfeatures with sig. 't+om' on line 590.
.................................................
.................................................
. LaTeX info: "xparse/define-command"
. 
. Defining command \addfontfeatures with sig. 'm' on line 594.
.................................................
.................................................
. LaTeX info: "xparse/define-command"
. 
. Defining command \addfontfeature with sig. 'm' on line 598.
.................................................
.................................................
. LaTeX info: "xparse/define-command"
. 
. Defining command \newfontfeature with sig. 'mm' on line 602.
.................................................
.................................................
. LaTeX info: "xparse/define-command"
. 
. Defining command \newAATfeature with sig. 'mmmm' on line 606.
.................................................
.................................................
. LaTeX info: "xparse/define-command"
. 
. Defining command \newopentypefeature with sig. 'mmm' on line 610.
.................................................
.................................................
. LaTeX info: "xparse/define-command"
. 
. Defining command \newICUfeature with sig. 'mmm' on line 614.
.................................................
.................................................
. LaTeX info: "xparse/define-command"
. 
. Defining command \aliasfontfeature with sig. 'mm' on line 618.
.................................................
.................................................
. LaTeX info: "xparse/define-command"
. 
. Defining command \aliasfontfeatureoption with sig. 'mmm' on line 622.
.................................................
.................................................
. LaTeX info: "xparse/define-command"
. 
. Defining command \newfontscript with sig. 'mm' on line 626.
.................................................
.................................................
. LaTeX info: "xparse/define-command"
. 
. Defining command \newfontlanguage with sig. 'mm' on line 630.
.................................................
.................................................
. LaTeX info: "xparse/define-command"
. 
. Defining command \DeclareFontsExtensions with sig. 'm' on line 634.
.................................................
.................................................
. LaTeX info: "xparse/define-command"
. 
. Defining command \IfFontFeatureActiveTF with sig. 'mmm' on line 638.
.................................................
.................................................
. LaTeX info: "xparse/define-command"
. 
. Defining command \EncodingCommand with sig. 'mO{}m' on line 3636.
.................................................
.................................................
. LaTeX info: "xparse/define-command"
. 
. Defining command \EncodingAccent with sig. 'mm' on line 3642.
.................................................
.................................................
. LaTeX info: "xparse/define-command"
. 
. Defining command \EncodingSymbol with sig. 'mm' on line 3648.
.................................................
.................................................
. LaTeX info: "xparse/define-command"
. 
. Defining command \EncodingComposite with sig. 'mmm' on line 3654.
.................................................
.................................................
. LaTeX info: "xparse/define-command"
. 
. Defining command \EncodingCompositeCommand with sig. 'mmm' on line 3660.
.................................................
.................................................
. LaTeX info: "xparse/define-command"
. 
. Defining command \DeclareUnicodeEncoding with sig. 'mm' on line 3685.
.................................................
.................................................
. LaTeX info: "xparse/define-command"
. 
. Defining command \UndeclareSymbol with sig. 'm' on line 3691.
.................................................
.................................................
. LaTeX info: "xparse/define-command"
. 
. Defining command \UndeclareAccent with sig. 'm' on line 3697.
.................................................
.................................................
. LaTeX info: "xparse/define-command"
. 
. Defining command \UndeclareCommand with sig. 'm' on line 3703.
.................................................
.................................................
. LaTeX info: "xparse/define-command"
. 
. Defining command \UndeclareComposite with sig. 'mm' on line 3710.
.................................................

("C:\Program Files\MiKTeX 2.9\tex\latex\fontspec\fontspec.cfg")
LaTeX Info: Redefining \itshape on input line 3895.
LaTeX Info: Redefining \slshape on input line 3900.
LaTeX Info: Redefining \scshape on input line 3905.
LaTeX Info: Redefining \upshape on input line 3910.
LaTeX Info: Redefining \em on input line 3940.
LaTeX Info: Redefining \emph on input line 3965.
LaTeX Font Info:    Font shape `TU/lmss/m/it' in size <8> not available
(Font)              Font shape `TU/lmss/m/sl' tried instead on input line 4015.

LaTeX Info: Redefining \- on input line 4019.
.................................................
. LaTeX info: "xparse/redefine-command"
. 
. Redefining command \oldstylenums with sig. 'm' on line 4114.
.................................................
.................................................
. LaTeX info: "xparse/define-command"
. 
. Defining command \liningnums with sig. 'm' on line 4118.
.................................................
))
\xpg@normalclass=\XeTeXcharclass1
)
("C:\Program Files\MiKTeX 2.9\tex\latex\polyglossia\gloss-russian.ldf"
File: gloss-russian.ldf polyglossia: module for russian

("C:\Program Files\MiKTeX 2.9\tex\latex\polyglossia\babelsh.def"
File: babelsh.def 2013/04/30 Babel common definitions for shorthands
 Taken verbatim from babel.def (2013/04/15 v3.9e)
)
Package polyglossia Info: Making " an active character on input line 41.
)
Package polyglossia Info: Default language is russian.

("C:\Program Files\MiKTeX 2.9\tex\latex\polyglossia\gloss-english.ldf"
File: gloss-english.ldf polyglossia: module for english
)
*************************************************
* fontspec warning: "icu-feature-not-exist-in-font"
* 
* OpenType feature 'Ligatures=TeX,Historic' (hlig) not available for font
* 'Times New Roman' with script 'Latin' and language 'Default'.
*************************************************
\g__fontspec_family_TimesNewRoman_int=\count317
*************************************************
* fontspec warning: "icu-feature-not-exist-in-font"
* 
* OpenType feature 'Ligatures=TeX,Historic' (hlig) not available for font
* 'Times New Roman' with script 'Latin' and language 'Default'.
*************************************************
*************************************************
* fontspec warning: "icu-feature-not-exist-in-font"
* 
* OpenType feature 'Ligatures=TeX,Historic' (hlig) not available for font
* 'Times New Roman' with script 'Latin' and language 'Default'.
*************************************************
*************************************************
* fontspec warning: "icu-feature-not-exist-in-font"
* 
* OpenType feature 'Ligatures=TeX,Historic' (hlig) not available for font
* 'Times New Roman/B' with script 'Latin' and language 'Default'.
*************************************************
*************************************************
* fontspec warning: "icu-feature-not-exist-in-font"
* 
* OpenType feature 'Ligatures=TeX,Historic' (hlig) not available for font
* 'Times New Roman/B' with script 'Latin' and language 'Default'.
*************************************************
*************************************************
* fontspec warning: "icu-feature-not-exist-in-font"
* 
* OpenType feature 'Ligatures=TeX,Historic' (hlig) not available for font
* 'Times New Roman/I' with script 'Latin' and language 'Default'.
*************************************************
*************************************************
* fontspec warning: "icu-feature-not-exist-in-font"
* 
* OpenType feature 'Ligatures=TeX,Historic' (hlig) not available for font
* 'Times New Roman/I' with script 'Latin' and language 'Default'.
*************************************************
*************************************************
* fontspec warning: "icu-feature-not-exist-in-font"
* 
* OpenType feature 'Ligatures=TeX,Historic' (hlig) not available for font
* 'Times New Roman/BI' with script 'Latin' and language 'Default'.
*************************************************
*************************************************
* fontspec warning: "icu-feature-not-exist-in-font"
* 
* OpenType feature 'Ligatures=TeX,Historic' (hlig) not available for font
* 'Times New Roman/BI' with script 'Latin' and language 'Default'.
*************************************************
.................................................
. fontspec info: "defining-font"
. 
. Font family 'TimesNewRoman(0)' created for font 'Times New Roman' with
. options [Ligatures={TeX},Ligatures=TeX,Ligatures={TeX,Historic}].
.  
.  This font family consists of the following NFSS series/shapes:
.  
. - 'normal' (m/n) with NFSS spec.: <->"Times New
. Roman/OT:script=latn;language=DFLT;mapping=tex-text;"
. - 'small caps'  (m/sc) with NFSS spec.: <->"Times New
. Roman/OT:script=latn;language=DFLT;+smcp;mapping=tex-text;"
. - 'bold' (bx/n) with NFSS spec.: <->"Times New
. Roman/B/OT:script=latn;language=DFLT;mapping=tex-text;"
. - 'bold small caps'  (bx/sc) with NFSS spec.: <->"Times New
. Roman/B/OT:script=latn;language=DFLT;+smcp;mapping=tex-text;"
. - 'italic' (m/it) with NFSS spec.: <->"Times New
. Roman/I/OT:script=latn;language=DFLT;mapping=tex-text;"
. - 'italic small caps'  (m/itsc) with NFSS spec.: <->"Times New
. Roman/I/OT:script=latn;language=DFLT;+smcp;mapping=tex-text;"
. - 'bold italic' (bx/it) with NFSS spec.: <->"Times New
. Roman/BI/OT:script=latn;language=DFLT;mapping=tex-text;"
. - 'bold italic small caps'  (bx/itsc) with NFSS spec.: <->"Times New
. Roman/BI/OT:script=latn;language=DFLT;+smcp;mapping=tex-text;"
.................................................
LaTeX Info: Redefining \rmfamily on input line 24.
\g__fontspec_family_Arial_int=\count318
.................................................
. fontspec info: "defining-font"
. 
. Font family 'Arial(0)' created for font 'Arial' with options
. [Ligatures={TeX},Ligatures=TeX].
.  
.  This font family consists of the following NFSS series/shapes:
.  
. - 'normal' (m/n) with NFSS spec.:
. <->"Arial/OT:script=latn;language=DFLT;mapping=tex-text;"
. - 'small caps'  (m/sc) with NFSS spec.:
. <->"Arial/OT:script=latn;language=DFLT;+smcp;mapping=tex-text;"
. - 'bold' (bx/n) with NFSS spec.:
. <->"Arial/B/OT:script=latn;language=DFLT;mapping=tex-text;"
. - 'bold small caps'  (bx/sc) with NFSS spec.:
. <->"Arial/B/OT:script=latn;language=DFLT;+smcp;mapping=tex-text;"
. - 'italic' (m/it) with NFSS spec.:
. <->"Arial/I/OT:script=latn;language=DFLT;mapping=tex-text;"
. - 'italic small caps'  (m/itsc) with NFSS spec.:
. <->"Arial/I/OT:script=latn;language=DFLT;+smcp;mapping=tex-text;"
. - 'bold italic' (bx/it) with NFSS spec.:
. <->"Arial/BI/OT:script=latn;language=DFLT;mapping=tex-text;"
. - 'bold italic small caps'  (bx/itsc) with NFSS spec.:
. <->"Arial/BI/OT:script=latn;language=DFLT;+smcp;mapping=tex-text;"
.................................................
LaTeX Info: Redefining \sffamily on input line 25.
\g__fontspec_family_CourierNew_int=\count319
.................................................
. fontspec info: "defining-font"
. 
. Font family 'CourierNew(0)' created for font 'Courier New' with options
. [Ligatures={TeX},WordSpace={1,0,0},HyphenChar=None,PunctuationSpace=WordSpace
].
.  
.  This font family consists of the following NFSS series/shapes:
.  
. - 'normal' (m/n) with NFSS spec.: <->"Courier
. New/OT:script=latn;language=DFLT;mapping=tex-text;"
. - 'small caps'  (m/sc) with NFSS spec.: 
. and font adjustment code:
. \fontdimen 2\font =1\fontdimen 2\font \fontdimen 3\font =0\fontdimen 3\font
. \fontdimen 4\font =0\fontdimen 4\font \fontdimen 7\font =0\fontdimen 2\font
. \tex_hyphenchar:D \font =-1\scan_stop: 
. - 'bold' (bx/n) with NFSS spec.: <->"Courier
. New/B/OT:script=latn;language=DFLT;mapping=tex-text;"
. - 'bold small caps'  (bx/sc) with NFSS spec.: 
. and font adjustment code:
. \fontdimen 2\font =1\fontdimen 2\font \fontdimen 3\font =0\fontdimen 3\font
. \fontdimen 4\font =0\fontdimen 4\font \fontdimen 7\font =0\fontdimen 2\font
. \tex_hyphenchar:D \font =-1\scan_stop: 
. - 'italic' (m/it) with NFSS spec.: <->"Courier
. New/I/OT:script=latn;language=DFLT;mapping=tex-text;"
. - 'italic small caps'  (m/itsc) with NFSS spec.: 
. and font adjustment code:
. \fontdimen 2\font =1\fontdimen 2\font \fontdimen 3\font =0\fontdimen 3\font
. \fontdimen 4\font =0\fontdimen 4\font \fontdimen 7\font =0\fontdimen 2\font
. \tex_hyphenchar:D \font =-1\scan_stop: 
. - 'bold italic' (bx/it) with NFSS spec.: <->"Courier
. New/BI/OT:script=latn;language=DFLT;mapping=tex-text;"
. - 'bold italic small caps'  (bx/itsc) with NFSS spec.: 
. and font adjustment code:
. \fontdimen 2\font =1\fontdimen 2\font \fontdimen 3\font =0\fontdimen 3\font
. \fontdimen 4\font =0\fontdimen 4\font \fontdimen 7\font =0\fontdimen 2\font
. \tex_hyphenchar:D \font =-1\scan_stop: 
.................................................
LaTeX Info: Redefining \ttfamily on input line 26.
.................................................
. fontspec info: "defining-font"
. 
. Font family 'CourierNew(1)' created for font 'Courier New' with options
. [Ligatures={TeX}].
.  
.  This font family consists of the following NFSS series/shapes:
.  
. - 'normal' (m/n) with NFSS spec.: <->"Courier
. New/OT:script=latn;language=DFLT;mapping=tex-text;"
. - 'small caps'  (m/sc) with NFSS spec.: 
. - 'bold' (bx/n) with NFSS spec.: <->"Courier
. New/B/OT:script=latn;language=DFLT;mapping=tex-text;"
. - 'bold small caps'  (bx/sc) with NFSS spec.: 
. - 'italic' (m/it) with NFSS spec.: <->"Courier
. New/I/OT:script=latn;language=DFLT;mapping=tex-text;"
. - 'italic small caps'  (m/itsc) with NFSS spec.: 
. - 'bold italic' (bx/it) with NFSS spec.: <->"Courier
. New/BI/OT:script=latn;language=DFLT;mapping=tex-text;"
. - 'bold italic small caps'  (bx/itsc) with NFSS spec.: 
.................................................
(beamerthemeMUW.sty
Package: beamerthemeMUW 
) (beamercolorthemeMUW.sty
Package: beamercolorthemeMUW 
)
("C:\Program Files\MiKTeX 2.9\tex\latex\natbib\natbib.sty"
Package: natbib 2010/09/13 8.31b (PWD, AO)
\bibhang=\skip65
\bibsep=\skip66
LaTeX Info: Redefining \cite on input line 694.
\c@NAT@ctr=\count320
) (Presentation.aux
.................................................
. fontspec info: "defining-font"
. 
. Font family 'Arial(1)' created for font 'Arial' with options
. [Ligatures={TeX},Ligatures=TeX,Script=Cyrillic].
.  
.  This font family consists of the following NFSS series/shapes:
.  
. - 'normal' (m/n) with NFSS spec.:
. <->"Arial/OT:script=cyrl;language=DFLT;mapping=tex-text;"
. - 'small caps'  (m/sc) with NFSS spec.:
. <->"Arial/OT:script=cyrl;language=DFLT;+smcp;mapping=tex-text;"
. - 'bold' (bx/n) with NFSS spec.:
. <->"Arial/B/OT:script=cyrl;language=DFLT;mapping=tex-text;"
. - 'bold small caps'  (bx/sc) with NFSS spec.:
. <->"Arial/B/OT:script=cyrl;language=DFLT;+smcp;mapping=tex-text;"
. - 'italic' (m/it) with NFSS spec.:
. <->"Arial/I/OT:script=cyrl;language=DFLT;mapping=tex-text;"
. - 'italic small caps'  (m/itsc) with NFSS spec.:
. <->"Arial/I/OT:script=cyrl;language=DFLT;+smcp;mapping=tex-text;"
. - 'bold italic' (bx/it) with NFSS spec.:
. <->"Arial/BI/OT:script=cyrl;language=DFLT;mapping=tex-text;"
. - 'bold italic small caps'  (bx/itsc) with NFSS spec.:
. <->"Arial/BI/OT:script=cyrl;language=DFLT;+smcp;mapping=tex-text;"
.................................................
)
\openout1 = `Presentation.aux'.

LaTeX Font Info:    Checking defaults for OML/cmm/m/it on input line 80.
LaTeX Font Info:    ... okay on input line 80.
LaTeX Font Info:    Checking defaults for T1/cmr/m/n on input line 80.
LaTeX Font Info:    ... okay on input line 80.
LaTeX Font Info:    Checking defaults for OT1/cmr/m/n on input line 80.
LaTeX Font Info:    ... okay on input line 80.
LaTeX Font Info:    Checking defaults for OMS/cmsy/m/n on input line 80.
LaTeX Font Info:    ... okay on input line 80.
LaTeX Font Info:    Checking defaults for TU/lmr/m/n on input line 80.
LaTeX Font Info:    ... okay on input line 80.
LaTeX Font Info:    Checking defaults for OMX/cmex/m/n on input line 80.
LaTeX Font Info:    ... okay on input line 80.
LaTeX Font Info:    Checking defaults for U/cmr/m/n on input line 80.
LaTeX Font Info:    ... okay on input line 80.
LaTeX Font Info:    Checking defaults for PD1/pdf/m/n on input line 80.
LaTeX Font Info:    ... okay on input line 80.
LaTeX Font Info:    Checking defaults for PU/pdf/m/n on input line 80.
LaTeX Font Info:    ... okay on input line 80.

*geometry* detected driver: pdftex
*geometry* verbose mode - [ preamble ] result:
* driver: pdftex
* paper: custom
* layout: <same size as paper>
* layoutoffset:(h,v)=(0.0pt,0.0pt)
* modes: includehead includefoot 
* h-part:(L,W,R)=(28.45274pt, 307.28987pt, 28.45274pt)
* v-part:(T,H,B)=(0.0pt, 273.14662pt, 0.0pt)
* \paperwidth=364.19536pt
* \paperheight=273.14662pt
* \textwidth=307.28987pt
* \textheight=244.6939pt
* \oddsidemargin=-43.81725pt
* \evensidemargin=-43.81725pt
* \topmargin=-72.26999pt
* \headheight=14.22636pt
* \headsep=0.0pt
* \topskip=9.0pt
* \footskip=14.22636pt
* \marginparwidth=4.0pt
* \marginparsep=10.0pt
* \columnsep=10.0pt
* \skip\footins=7.0pt plus 4.0pt minus 2.0pt
* \hoffset=0.0pt
* \voffset=0.0pt
* \mag=1000
* \@twocolumnfalse
* \@twosidefalse
* \@mparswitchfalse
* \@reversemarginfalse
* (1in=72.27pt=25.4mm, 1cm=28.453pt)

ABD: EveryShipout initializing macros
\AtBeginShipoutBox=\box70
Package hyperref Info: Link coloring OFF on input line 80.

("C:\Program Files\MiKTeX 2.9\tex\latex\hyperref\nameref.sty"
Package: nameref 2016/05/21 v2.44 Cross-referencing by name of section

("C:\Program Files\MiKTeX 2.9\tex\generic\oberdiek\gettitlestring.sty"
Package: gettitlestring 2016/05/16 v1.5 Cleanup title references (HO)
)
\c@section@level=\count321
)
LaTeX Info: Redefining \ref on input line 80.
LaTeX Info: Redefining \pageref on input line 80.
LaTeX Info: Redefining \nameref on input line 80.

(Presentation.out) (Presentation.out)
\@outlinefile=\write5
\openout5 = `Presentation.out'.

LaTeX Font Info:    Overwriting symbol font `operators' in version `normal'
(Font)                  OT1/cmr/m/n --> OT1/cmss/m/n on input line 80.
LaTeX Font Info:    Overwriting symbol font `operators' in version `bold'
(Font)                  OT1/cmr/bx/n --> OT1/cmss/bx/n on input line 80.
\symnumbers=\mathgroup6
\sympureletters=\mathgroup7
LaTeX Font Info:    Overwriting math alphabet `\mathrm' in version `normal'
(Font)                  OT1/cmss/m/n --> TU/TimesNewRoman(0)/m/n on input line 
80.
LaTeX Font Info:    Redeclaring math alphabet \mathbf on input line 80.
LaTeX Font Info:    Overwriting math alphabet `\mathbf' in version `normal'
(Font)                  OT1/cmr/bx/n --> TU/Arial(0)/bx/n on input line 80.
LaTeX Font Info:    Overwriting math alphabet `\mathbf' in version `bold'
(Font)                  OT1/cmr/bx/n --> TU/Arial(0)/bx/n on input line 80.
LaTeX Font Info:    Redeclaring math alphabet \mathsf on input line 80.
LaTeX Font Info:    Overwriting math alphabet `\mathsf' in version `normal'
(Font)                  OT1/cmss/m/n --> TU/Arial(0)/m/n on input line 80.
LaTeX Font Info:    Overwriting math alphabet `\mathsf' in version `bold'
(Font)                  OT1/cmss/bx/n --> TU/Arial(0)/m/n on input line 80.
LaTeX Font Info:    Redeclaring math alphabet \mathit on input line 80.
LaTeX Font Info:    Overwriting math alphabet `\mathit' in version `normal'
(Font)                  OT1/cmr/m/it --> TU/Arial(0)/m/it on input line 80.
LaTeX Font Info:    Overwriting math alphabet `\mathit' in version `bold'
(Font)                  OT1/cmr/bx/it --> TU/Arial(0)/m/it on input line 80.
LaTeX Font Info:    Redeclaring math alphabet \mathtt on input line 80.
LaTeX Font Info:    Overwriting math alphabet `\mathtt' in version `normal'
(Font)                  OT1/cmtt/m/n --> TU/CourierNew(0)/m/n on input line 80.

LaTeX Font Info:    Overwriting math alphabet `\mathtt' in version `bold'
(Font)                  OT1/cmtt/m/n --> TU/CourierNew(0)/m/n on input line 80.

LaTeX Font Info:    Overwriting symbol font `numbers' in version `bold'
(Font)                  TU/Arial(0)/m/n --> TU/Arial(0)/bx/n on input line 80.
LaTeX Font Info:    Overwriting symbol font `pureletters' in version `bold'
(Font)                  TU/Arial(0)/m/it --> TU/Arial(0)/bx/it on input line 80
.
LaTeX Font Info:    Overwriting math alphabet `\mathrm' in version `bold'
(Font)                  OT1/cmss/bx/n --> TU/TimesNewRoman(0)/bx/n on input lin
e 80.
LaTeX Font Info:    Overwriting math alphabet `\mathbf' in version `bold'
(Font)                  TU/Arial(0)/bx/n --> TU/Arial(0)/bx/n on input line 80.

LaTeX Font Info:    Overwriting math alphabet `\mathsf' in version `bold'
(Font)                  TU/Arial(0)/m/n --> TU/Arial(0)/bx/n on input line 80.
LaTeX Font Info:    Overwriting math alphabet `\mathit' in version `bold'
(Font)                  TU/Arial(0)/m/it --> TU/Arial(0)/bx/it on input line 80
.
LaTeX Font Info:    Overwriting math alphabet `\mathtt' in version `bold'
(Font)                  TU/CourierNew(0)/m/n --> TU/CourierNew(0)/bx/n on input
 line 80.

("C:\Program Files\MiKTeX 2.9\tex\latex\translator\translator-basic-dictionary-
English.dict"
Dictionary: translator-basic-dictionary, Language: English 
)
("C:\Program Files\MiKTeX 2.9\tex\latex\translator\translator-bibliography-dict
ionary-English.dict"
Dictionary: translator-bibliography-dictionary, Language: English 
)
("C:\Program Files\MiKTeX 2.9\tex\latex\translator\translator-environment-dicti
onary-English.dict"
Dictionary: translator-environment-dictionary, Language: English 
)
("C:\Program Files\MiKTeX 2.9\tex\latex\translator\translator-months-dictionary
-English.dict"
Dictionary: translator-months-dictionary, Language: English 
)
("C:\Program Files\MiKTeX 2.9\tex\latex\translator\translator-numbers-dictionar
y-English.dict"
Dictionary: translator-numbers-dictionary, Language: English 
)
("C:\Program Files\MiKTeX 2.9\tex\latex\translator\translator-theorem-dictionar
y-English.dict"
Dictionary: translator-theorem-dictionary, Language: English 
) ("C:\Program Files\MiKTeX 2.9\tex\latex\ucs\ucsencs.def"
File: ucsencs.def 2011/01/21 Fixes to fontencodings LGR, T3
)
.................................................
. fontspec info: "setup-math"
. 
. Adjusting the maths setup (use [no-math] to avoid this).
.................................................
\symlegacymaths=\mathgroup8
LaTeX Font Info:    Overwriting symbol font `legacymaths' in version `bold'
(Font)                  OT1/cmr/m/n --> OT1/cmr/bx/n on input line 80.
LaTeX Font Info:    Redeclaring math accent \acute on input line 80.
LaTeX Font Info:    Redeclaring math accent \grave on input line 80.
LaTeX Font Info:    Redeclaring math accent \ddot on input line 80.
LaTeX Font Info:    Redeclaring math accent \tilde on input line 80.
LaTeX Font Info:    Redeclaring math accent \bar on input line 80.
LaTeX Font Info:    Redeclaring math accent \breve on input line 80.
LaTeX Font Info:    Redeclaring math accent \check on input line 80.
LaTeX Font Info:    Redeclaring math accent \hat on input line 80.
LaTeX Font Info:    Redeclaring math accent \dot on input line 80.
LaTeX Font Info:    Redeclaring math accent \mathring on input line 80.
LaTeX Font Info:    Redeclaring math symbol \Gamma on input line 80.
LaTeX Font Info:    Redeclaring math symbol \Delta on input line 80.
LaTeX Font Info:    Redeclaring math symbol \Theta on input line 80.
LaTeX Font Info:    Redeclaring math symbol \Lambda on input line 80.
LaTeX Font Info:    Redeclaring math symbol \Xi on input line 80.
LaTeX Font Info:    Redeclaring math symbol \Pi on input line 80.
LaTeX Font Info:    Redeclaring math symbol \Sigma on input line 80.
LaTeX Font Info:    Redeclaring math symbol \Upsilon on input line 80.
LaTeX Font Info:    Redeclaring math symbol \Phi on input line 80.
LaTeX Font Info:    Redeclaring math symbol \Psi on input line 80.
LaTeX Font Info:    Redeclaring math symbol \Omega on input line 80.
LaTeX Font Info:    Redeclaring math symbol \mathdollar on input line 80.
LaTeX Font Info:    Redeclaring symbol font `operators' on input line 80.
LaTeX Font Info:    Encoding `OT1' has changed to `TU' for symbol font
(Font)              `operators' in the math version `normal' on input line 80.
LaTeX Font Info:    Overwriting symbol font `operators' in version `normal'
(Font)                  OT1/cmss/m/n --> TU/TimesNewRoman(0)/m/n on input line 
80.
LaTeX Font Info:    Encoding `OT1' has changed to `TU' for symbol font
(Font)              `operators' in the math version `bold' on input line 80.
LaTeX Font Info:    Overwriting symbol font `operators' in version `bold'
(Font)                  OT1/cmss/bx/n --> TU/TimesNewRoman(0)/m/n on input line
 80.
LaTeX Font Info:    Overwriting symbol font `operators' in version `normal'
(Font)                  TU/TimesNewRoman(0)/m/n --> TU/TimesNewRoman(0)/m/n on 
input line 80.
LaTeX Font Info:    Redeclaring math alphabet \mathrm on input line 80.
LaTeX Font Info:    Overwriting math alphabet `\mathit' in version `normal'
(Font)                  TU/Arial(0)/m/it --> TU/TimesNewRoman(0)/m/it on input 
line 80.
LaTeX Font Info:    Overwriting math alphabet `\mathbf' in version `normal'
(Font)                  TU/Arial(0)/bx/n --> TU/TimesNewRoman(0)/bx/n on input 
line 80.
LaTeX Font Info:    Overwriting math alphabet `\mathsf' in version `normal'
(Font)                  TU/Arial(0)/m/n --> TU/Arial(0)/m/n on input line 80.
LaTeX Font Info:    Overwriting math alphabet `\mathtt' in version `normal'
(Font)                  TU/CourierNew(0)/m/n --> TU/CourierNew(0)/m/n on input 
line 80.
LaTeX Font Info:    Overwriting symbol font `operators' in version `bold'
(Font)                  TU/TimesNewRoman(0)/m/n --> TU/TimesNewRoman(0)/bx/n on
 input line 80.
LaTeX Font Info:    Overwriting math alphabet `\mathit' in version `bold'
(Font)                  TU/Arial(0)/bx/it --> TU/TimesNewRoman(0)/bx/it on inpu
t line 80.
LaTeX Font Info:    Overwriting math alphabet `\mathsf' in version `bold'
(Font)                  TU/Arial(0)/bx/n --> TU/Arial(0)/bx/n on input line 80.

LaTeX Font Info:    Overwriting math alphabet `\mathtt' in version `bold'
(Font)                  TU/CourierNew(0)/bx/n --> TU/CourierNew(0)/bx/n on inpu
t line 80.

(Presentation.nav)
File: Images/Logo_blueHQ.png Graphic file (type bmp)
<Images/Logo_blueHQ.png>
File: Images/python.png Graphic file (type bmp)
<Images/python.png>

Overfull \vbox (6.69917pt too high) detected at line 87
 []

File: Images/Logo_whiteHQ.png Graphic file (type bmp)
<Images/Logo_whiteHQ.png>
[1

]
File: Images/py_example.png Graphic file (type bmp)
<Images/py_example.png>
File: Images/Logo_blueHQ.png Graphic file (type bmp)
<Images/Logo_blueHQ.png>
 [2

]
File: Images/cmd.png Graphic file (type bmp)
<Images/cmd.png>
File: Images/Logo_blueHQ.png Graphic file (type bmp)
<Images/Logo_blueHQ.png>
 [3

]
File: Images/anac.png Graphic file (type bmp)
<Images/anac.png>
File: Images/Logo_blueHQ.png Graphic file (type bmp)
<Images/Logo_blueHQ.png>
 [4

]
File: Images/main1.png Graphic file (type bmp)
<Images/main1.png>
File: Images/Logo_blueHQ.png Graphic file (type bmp)
<Images/Logo_blueHQ.png>
 [5

]
File: Images/main2.png Graphic file (type bmp)
<Images/main2.png>
File: Images/Logo_blueHQ.png Graphic file (type bmp)
<Images/Logo_blueHQ.png>
 [6

]
File: Images/strings.png Graphic file (type bmp)
<Images/strings.png>
File: Images/great.png Graphic file (type bmp)
<Images/great.png>
File: Images/Logo_blueHQ.png Graphic file (type bmp)
<Images/Logo_blueHQ.png>
 [7

]
File: Images/main3.png Graphic file (type bmp)
<Images/main3.png>
File: Images/result.png Graphic file (type bmp)
<Images/result.png>
File: Images/Logo_blueHQ.png Graphic file (type bmp)
<Images/Logo_blueHQ.png>
 [8

]
File: Images/codingtime.jpg Graphic file (type bmp)
<Images/codingtime.jpg>
LaTeX Font Info:    Try loading font information for U+msa on input line 207.

("C:\Program Files\MiKTeX 2.9\tex\latex\amsfonts\umsa.fd"
File: umsa.fd 2013/01/14 v3.01 AMS symbols A
)
LaTeX Font Info:    Try loading font information for U+msb on input line 207.

("C:\Program Files\MiKTeX 2.9\tex\latex\amsfonts\umsb.fd"
File: umsb.fd 2013/01/14 v3.01 AMS symbols B
)
File: Images/Logo_blueHQ.png Graphic file (type bmp)
<Images/Logo_blueHQ.png>
 [9

]
File: Images/task1.PNG Graphic file (type bmp)
<Images/task1.PNG>
File: Images/Logo_blueHQ.png Graphic file (type bmp)
<Images/Logo_blueHQ.png>
 [10

]
\tf@nav=\write6
\openout6 = `Presentation.nav'.

\tf@toc=\write7
\openout7 = `Presentation.toc'.

\tf@snm=\write8
\openout8 = `Presentation.snm'.

Package atveryend Info: Empty hook `BeforeClearDocument' on input line 271.
Package atveryend Info: Empty hook `AfterLastShipout' on input line 271.

(Presentation.aux)
Package atveryend Info: Empty hook `AtVeryEndDocument' on input line 271.
Package atveryend Info: Empty hook `AtEndAfterFileList' on input line 271.
 ) 
Here is how much of TeX's memory you used:
 31088 strings out of 427839
 605959 string characters out of 3152537
 719353 words of memory out of 3000000
 34538 multiletter control sequences out of 15000+200000
 534713 words of font info for 80 fonts, out of 3000000 for 9000
 1328 hyphenation exceptions out of 8191
 56i,15n,78p,10510b,758s stack positions out of 5000i,500n,10000p,200000b,50000s

Output written on Presentation.pdf (10 pages).
